2026-03-22 23:25:55[main] DEBUG org.apache.poi.openxml4j.opc.PackageRelationshipCollection- Parsing relationship: /xl/worksheets/_rels/sheet1.xml.rels
2026-03-22 23:25:55[main] DEBUG org.apache.poi.openxml4j.opc.PackageRelationshipCollection- Parsing relationship: /_rels/.rels
2026-03-22 23:25:55[main] DEBUG org.apache.poi.ooxml.POIXMLFactory- using default POIXMLDocumentPart for http://schemas.openxmlformats.org/officeDocument/2006/relationships/printerSettings
2026-03-22 23:25:55[main] DEBUG org.apache.poi.openxml4j.opc.PackageRelationshipCollection- Parsing relationship: /xl/_rels/workbook.xml.rels
2026-03-22 23:25:55[main] DEBUG org.apache.poi.openxml4j.opc.PackageRelationshipCollection- Parsing relationship: /xl/worksheets/_rels/sheet1.xml.rels
2026-03-22 23:25:55[main] DEBUG org.apache.poi.openxml4j.opc.PackageRelationshipCollection- Parsing relationship: /_rels/.rels
2026-03-22 23:25:56[main] DEBUG org.apache.poi.ooxml.POIXMLFactory- using default POIXMLDocumentPart for http://schemas.openxmlformats.org/officeDocument/2006/relationships/printerSettings
2026-03-22 23:25:56[main] DEBUG org.apache.poi.openxml4j.opc.PackageRelationshipCollection- Parsing relationship: /xl/_rels/workbook.xml.rels
2026-03-22 23:25:56[main] DEBUG org.apache.poi.openxml4j.opc.PackageRelationshipCollection- Parsing relationship: /xl/worksheets/_rels/sheet1.xml.rels
2026-03-22 23:25:56[main] DEBUG org.apache.poi.openxml4j.opc.PackageRelationshipCollection- Parsing relationship: /_rels/.rels
2026-03-22 23:25:56[main] DEBUG org.apache.poi.ooxml.POIXMLFactory- using default POIXMLDocumentPart for http://schemas.openxmlformats.org/officeDocument/2006/relationships/printerSettings
2026-03-22 23:25:56[main] DEBUG org.apache.poi.openxml4j.opc.PackageRelationshipCollection- Parsing relationship: /xl/_rels/workbook.xml.rels
2026-03-22 23:25:56[main] DEBUG org.apache.poi.openxml4j.opc.PackageRelationshipCollection- Parsing relationship: /xl/worksheets/_rels/sheet1.xml.rels
2026-03-22 23:25:56[main] DEBUG org.apache.poi.openxml4j.opc.PackageRelationshipCollection- Parsing relationship: /_rels/.rels
2026-03-22 23:25:56[main] DEBUG org.apache.poi.ooxml.POIXMLFactory- using default POIXMLDocumentPart for http://schemas.openxmlformats.org/officeDocument/2006/relationships/printerSettings
2026-03-22 23:25:56[main] DEBUG org.apache.poi.openxml4j.opc.PackageRelationshipCollection- Parsing relationship: /xl/_rels/workbook.xml.rels
2026-03-22 23:25:56[main] DEBUG org.apache.poi.openxml4j.opc.PackageRelationshipCollection- Parsing relationship: /xl/worksheets/_rels/sheet1.xml.rels
2026-03-22 23:25:56[main] DEBUG org.apache.poi.openxml4j.opc.PackageRelationshipCollection- Parsing relationship: /_rels/.rels
2026-03-22 23:25:56[main] DEBUG org.apache.poi.ooxml.POIXMLFactory- using default POIXMLDocumentPart for http://schemas.openxmlformats.org/officeDocument/2006/relationships/printerSettings
2026-03-22 23:25:56[main] DEBUG org.apache.poi.openxml4j.opc.PackageRelationshipCollection- Parsing relationship: /xl/_rels/workbook.xml.rels
2026-03-22 23:25:56[main] DEBUG org.apache.poi.openxml4j.opc.PackageRelationshipCollection- Parsing relationship: /xl/worksheets/_rels/sheet1.xml.rels
2026-03-22 23:25:56[main] DEBUG org.apache.poi.openxml4j.opc.PackageRelationshipCollection- Parsing relationship: /_rels/.rels
2026-03-22 23:25:56[main] DEBUG org.apache.poi.ooxml.POIXMLFactory- using default POIXMLDocumentPart for http://schemas.openxmlformats.org/officeDocument/2006/relationships/printerSettings
2026-03-22 23:25:56[main] DEBUG org.apache.poi.openxml4j.opc.PackageRelationshipCollection- Parsing relationship: /xl/_rels/workbook.xml.rels
2026-03-22 23:25:56[main] DEBUG org.apache.poi.openxml4j.opc.PackageRelationshipCollection- Parsing relationship: /xl/worksheets/_rels/sheet1.xml.rels
2026-03-22 23:25:56[main] DEBUG org.apache.poi.openxml4j.opc.PackageRelationshipCollection- Parsing relationship: /_rels/.rels
2026-03-22 23:25:56[main] DEBUG org.apache.poi.ooxml.POIXMLFactory- using default POIXMLDocumentPart for http://schemas.openxmlformats.org/officeDocument/2006/relationships/printerSettings
2026-03-22 23:25:56[main] INFO  testCases.TC003_LoginDDT- **** Starting TC_003_LoginDDT *****
2026-03-22 23:26:01[main] INFO  testCases.TC003_LoginDDT- **** Finished TC_003_LoginDDT *****
2026-03-22 23:26:01[main] INFO  testCases.TC003_LoginDDT- **** Starting TC_003_LoginDDT *****
2026-03-22 23:26:05[main] INFO  testCases.TC003_LoginDDT- **** Starting TC_003_LoginDDT *****
2026-03-22 23:26:09[main] INFO  testCases.TC003_LoginDDT- **** Starting TC_003_LoginDDT *****
2026-03-22 23:26:22[main] INFO  testCases.TC003_LoginDDT- **** Finished TC_003_LoginDDT *****
2026-03-22 23:26:22[main] INFO  testCases.TC003_LoginDDT- **** Starting TC_003_LoginDDT *****
2026-03-22 23:26:27[main] INFO  testCases.TC003_LoginDDT- **** Finished TC_003_LoginDDT *****
