2026-03-22 17:11:59[main] INFO  org.testng.internal.Utils- [TestNG] Time taken by org.testng.reporters.EmailableReporter2@54aca26f: 14 ms
2026-03-22 17:11:59[main] INFO  org.testng.internal.Utils- [TestNG] Time taken by org.testng.reporters.JUnitReportReporter@31c2affc: 11 ms
2026-03-22 17:11:59[main] INFO  org.testng.internal.Utils- [TestNG] Time taken by org.testng.internal.ExitCodeListener@1dc2de84: 0 ms
2026-03-22 17:27:26[main] DEBUG org.testng.TestNG- suiteXmlPath: "C:\Users\Admin\AppData\Local\Temp\testng-eclipse--44392461\testng-customsuite.xml"
2026-03-22 17:27:27[main] INFO  org.testng.internal.Utils- [Utils] MethodGroupsHelper.collectMethodsByGroup() took 0 ms.
2026-03-22 17:27:27[main] INFO  org.testng.internal.Utils- [Utils] MethodGroupsHelper.sortMethods() took 0 ms.
2026-03-22 17:27:27[main] INFO  org.testng.internal.Utils- [Utils] MethodGroupsHelper.collectMethodsByGroup() took 0 ms.
2026-03-22 17:27:27[main] INFO  org.testng.internal.Utils- [Utils] MethodGroupsHelper.sortMethods() took 0 ms.
2026-03-22 17:27:27[main] INFO  org.testng.internal.Utils- [Utils] MethodGroupsHelper.collectMethodsByGroup() took 0 ms.
2026-03-22 17:27:27[main] INFO  org.testng.internal.Utils- [Utils] MethodGroupsHelper.sortMethods() took 0 ms.
2026-03-22 17:27:27[main] INFO  org.testng.internal.Utils- [Utils] MethodGroupsHelper.collectMethodsByGroup() took 0 ms.
2026-03-22 17:27:27[main] INFO  org.testng.internal.Utils- [Utils] MethodGroupsHelper.sortMethods() took 0 ms.
2026-03-22 17:27:27[main] INFO  org.testng.internal.Utils- [Utils] MethodGroupsHelper.collectMethodsByGroup() took 8 ms.
2026-03-22 17:27:27[main] INFO  org.testng.internal.Utils- [Utils] MethodGroupsHelper.sortMethods() took 12 ms.
2026-03-22 17:27:27[main] INFO  org.testng.internal.Utils- [Utils] MethodGroupsHelper.collectMethodsByGroup() took 0 ms.
2026-03-22 17:27:27[main] INFO  org.testng.internal.Utils- [Utils] MethodGroupsHelper.sortMethods() took 0 ms.
2026-03-22 17:27:27[main] INFO  org.testng.internal.Utils- [Utils] MethodGroupsHelper.collectMethodsByGroup() took 0 ms.
2026-03-22 17:27:27[main] INFO  org.testng.internal.Utils- [Utils] MethodGroupsHelper.sortMethods() took 0 ms.
2026-03-22 17:27:27[main] INFO  org.testng.internal.Utils- [Utils] MethodGroupsHelper.collectMethodsByGroup() took 0 ms.
2026-03-22 17:27:27[main] INFO  org.testng.internal.Utils- [Utils] MethodGroupsHelper.sortMethods() took 0 ms.
2026-03-22 17:27:27[main] INFO  org.testng.internal.Utils- [Utils] MethodGroupsHelper.collectMethodsByGroup() took 0 ms.
2026-03-22 17:27:27[main] INFO  org.testng.internal.Utils- [Utils] MethodGroupsHelper.sortMethods() took 0 ms.
2026-03-22 17:27:27[main] INFO  org.testng.internal.Utils- [Utils] MethodGroupsHelper.collectMethodsByGroup() took 0 ms.
2026-03-22 17:27:27[main] INFO  org.testng.internal.Utils- [Utils] MethodGroupsHelper.sortMethods() took 0 ms.
2026-03-22 17:27:27[main] INFO  org.testng.internal.Utils- [Utils] MethodGroupsHelper.collectMethodsByGroup() took 0 ms.
2026-03-22 17:27:27[main] INFO  org.testng.internal.Utils- [Utils] MethodGroupsHelper.sortMethods() took 0 ms.
2026-03-22 17:27:27[main] INFO  org.testng.internal.Utils- [Utils] MethodGroupsHelper.collectMethodsByGroup() took 0 ms.
2026-03-22 17:27:27[main] INFO  org.testng.internal.Utils- [Utils] MethodGroupsHelper.sortMethods() took 0 ms.
2026-03-22 17:27:27[main] INFO  org.testng.internal.Utils- [Utils] MethodGroupsHelper.collectMethodsByGroup() took 0 ms.
2026-03-22 17:27:27[main] INFO  org.testng.internal.Utils- [Utils] MethodGroupsHelper.sortMethods() took 0 ms.
2026-03-22 17:27:27[main] INFO  org.testng.internal.Utils- [Utils] MethodGroupsHelper.collectMethodsByGroup() took 0 ms.
2026-03-22 17:27:27[main] INFO  org.testng.internal.Utils- [Utils] MethodGroupsHelper.sortMethods() took 0 ms.
2026-03-22 17:27:27[main] INFO  org.testng.internal.Utils- [Utils] MethodGroupsHelper.collectMethodsByGroup() took 0 ms.
2026-03-22 17:27:27[main] INFO  org.testng.internal.Utils- [Utils] MethodGroupsHelper.sortMethods() took 0 ms.
2026-03-22 17:27:27[main] INFO  org.testng.internal.Utils- [TestNG] Running:
  C:\Users\Admin\AppData\Local\Temp\testng-eclipse--44392461\testng-customsuite.xml

2026-03-22 17:27:27[main] INFO  org.testng.internal.Utils- [Utils] DynamicGraphHelper.createDynamicGraph() took 18 ms.
2026-03-22 17:27:31[main] INFO  testCases.TC001_AccountRegistrationTest- ***** Starting TC001_AccountRegistrationTest  ****
2026-03-22 17:27:31[main] DEBUG testCases.TC001_AccountRegistrationTest- This is a debug log message
2026-03-22 17:39:16[main] INFO  org.testng.internal.Utils- [Utils] MethodGroupsHelper.collectMethodsByGroup() took 0 ms.
2026-03-22 17:39:16[main] INFO  org.testng.internal.Utils- [Utils] MethodGroupsHelper.sortMethods() took 1 ms.
2026-03-22 17:39:16[main] INFO  org.testng.internal.Utils- [Utils] MethodGroupsHelper.collectMethodsByGroup() took 0 ms.
2026-03-22 17:39:16[main] INFO  org.testng.internal.Utils- [Utils] MethodGroupsHelper.sortMethods() took 0 ms.
2026-03-22 17:39:16[main] INFO  org.testng.internal.Utils- [Utils] MethodGroupsHelper.collectMethodsByGroup() took 0 ms.
2026-03-22 17:39:16[main] INFO  org.testng.internal.Utils- [Utils] MethodGroupsHelper.sortMethods() took 0 ms.
2026-03-22 17:39:16[main] INFO  org.testng.internal.Utils- [Utils] MethodGroupsHelper.collectMethodsByGroup() took 0 ms.
2026-03-22 17:39:16[main] INFO  org.testng.internal.Utils- [Utils] MethodGroupsHelper.sortMethods() took 0 ms.
2026-03-22 17:39:16[main] INFO  org.testng.internal.Utils- [Utils] MethodGroupsHelper.collectMethodsByGroup() took 13 ms.
2026-03-22 17:39:17[main] INFO  org.testng.internal.Utils- [Utils] MethodGroupsHelper.sortMethods() took 19 ms.
2026-03-22 17:39:17[main] INFO  org.testng.internal.Utils- [Utils] MethodGroupsHelper.collectMethodsByGroup() took 0 ms.
2026-03-22 17:39:17[main] INFO  org.testng.internal.Utils- [Utils] MethodGroupsHelper.sortMethods() took 0 ms.
2026-03-22 17:39:17[main] INFO  org.testng.internal.Utils- [Utils] MethodGroupsHelper.collectMethodsByGroup() took 0 ms.
2026-03-22 17:39:17[main] INFO  org.testng.internal.Utils- [Utils] MethodGroupsHelper.sortMethods() took 0 ms.
2026-03-22 17:39:17[main] INFO  org.testng.internal.Utils- [Utils] MethodGroupsHelper.collectMethodsByGroup() took 0 ms.
2026-03-22 17:39:17[main] INFO  org.testng.internal.Utils- [Utils] MethodGroupsHelper.sortMethods() took 0 ms.
2026-03-22 17:39:17[main] INFO  org.testng.internal.Utils- [Utils] MethodGroupsHelper.collectMethodsByGroup() took 0 ms.
2026-03-22 17:39:17[main] INFO  org.testng.internal.Utils- [Utils] MethodGroupsHelper.sortMethods() took 0 ms.
2026-03-22 17:39:17[main] INFO  org.testng.internal.Utils- [Utils] MethodGroupsHelper.collectMethodsByGroup() took 0 ms.
2026-03-22 17:39:17[main] INFO  org.testng.internal.Utils- [Utils] MethodGroupsHelper.sortMethods() took 0 ms.
2026-03-22 17:39:17[main] INFO  org.testng.internal.Utils- [Utils] MethodGroupsHelper.collectMethodsByGroup() took 0 ms.
2026-03-22 17:39:17[main] INFO  org.testng.internal.Utils- [Utils] MethodGroupsHelper.sortMethods() took 0 ms.
2026-03-22 17:39:17[main] INFO  org.testng.internal.Utils- [Utils] MethodGroupsHelper.collectMethodsByGroup() took 0 ms.
2026-03-22 17:39:17[main] INFO  org.testng.internal.Utils- [Utils] MethodGroupsHelper.sortMethods() took 0 ms.
2026-03-22 17:39:17[main] INFO  org.testng.internal.Utils- [Utils] MethodGroupsHelper.collectMethodsByGroup() took 0 ms.
2026-03-22 17:39:17[main] INFO  org.testng.internal.Utils- [Utils] MethodGroupsHelper.sortMethods() took 0 ms.
2026-03-22 17:39:17[main] INFO  org.testng.internal.Utils- [Utils] MethodGroupsHelper.collectMethodsByGroup() took 0 ms.
2026-03-22 17:39:17[main] INFO  org.testng.internal.Utils- [Utils] MethodGroupsHelper.sortMethods() took 0 ms.
2026-03-22 17:39:17[main] INFO  org.testng.internal.Utils- [Utils] MethodGroupsHelper.collectMethodsByGroup() took 0 ms.
2026-03-22 17:39:17[main] INFO  org.testng.internal.Utils- [Utils] MethodGroupsHelper.sortMethods() took 0 ms.
2026-03-22 17:39:17[main] INFO  org.testng.internal.Utils- [TestNG] Running:
  C:\Users\Admin\AppData\Local\Temp\testng-eclipse-86294115\testng-customsuite.xml

2026-03-22 17:39:17[main] INFO  org.testng.internal.Utils- [Utils] DynamicGraphHelper.createDynamicGraph() took 7 ms.
2026-03-22 17:39:22[main] INFO  testCases.TC001_AccountRegistrationTest- ***** Starting TC001_AccountRegistrationTest  ****
2026-03-22 17:39:23[main] INFO  testCases.TC001_AccountRegistrationTest- Clicked on MyAccount Link.. 
2026-03-22 17:39:23[main] INFO  testCases.TC001_AccountRegistrationTest- Clicked on Register Link.. 
2026-03-22 17:39:23[main] INFO  testCases.TC001_AccountRegistrationTest- Providing customer details...
2026-03-22 17:39:26[main] INFO  testCases.TC001_AccountRegistrationTest- Validating expected message..
2026-03-22 17:39:26[main] INFO  testCases.TC001_AccountRegistrationTest- Test passed
2026-03-22 17:39:26[main] INFO  testCases.TC001_AccountRegistrationTest- ***** Finished TC001_AccountRegistrationTest *****
2026-03-22 17:39:27[main] INFO  org.testng.internal.Utils- [TestNG] Time taken by org.testng.reporters.SuiteHTMLReporter@66c83fc8: 76 ms
2026-03-22 17:39:27[main] INFO  org.testng.internal.Utils- [TestNG] Time taken by org.testng.reporters.jq.Main@7c3ebc6b: 174 ms
2026-03-22 17:39:27[main] INFO  org.testng.internal.Utils- [TestNG] Time taken by org.testng.reporters.FailedReporter@1931d99: 1 ms
2026-03-22 17:39:27[main] INFO  org.testng.internal.Utils- [TestNG] Time taken by org.testng.reporters.XMLReporter@de18f63: 30 ms
2026-03-22 17:39:27[main] INFO  org.testng.internal.Utils- [TestNG] Time taken by org.testng.reporters.EmailableReporter2@314ed053: 12 ms
2026-03-22 17:39:27[main] INFO  org.testng.internal.Utils- [TestNG] Time taken by org.testng.reporters.JUnitReportReporter@dca2615: 9 ms
2026-03-22 17:39:27[main] INFO  org.testng.internal.Utils- [TestNG] Time taken by org.testng.internal.ExitCodeListener@421a4ee1: 0 ms
2026-03-22 17:41:38[main] INFO  org.testng.internal.Utils- [Utils] MethodGroupsHelper.collectMethodsByGroup() took 1 ms.
2026-03-22 17:41:38[main] INFO  org.testng.internal.Utils- [Utils] MethodGroupsHelper.sortMethods() took 1 ms.
2026-03-22 17:41:38[main] INFO  org.testng.internal.Utils- [Utils] MethodGroupsHelper.collectMethodsByGroup() took 0 ms.
2026-03-22 17:41:38[main] INFO  org.testng.internal.Utils- [Utils] MethodGroupsHelper.sortMethods() took 0 ms.
2026-03-22 17:41:38[main] INFO  org.testng.internal.Utils- [Utils] MethodGroupsHelper.collectMethodsByGroup() took 0 ms.
2026-03-22 17:41:38[main] INFO  org.testng.internal.Utils- [Utils] MethodGroupsHelper.sortMethods() took 0 ms.
2026-03-22 17:41:38[main] INFO  org.testng.internal.Utils- [Utils] MethodGroupsHelper.collectMethodsByGroup() took 0 ms.
2026-03-22 17:41:38[main] INFO  org.testng.internal.Utils- [Utils] MethodGroupsHelper.sortMethods() took 0 ms.
2026-03-22 17:41:38[main] INFO  org.testng.internal.Utils- [Utils] MethodGroupsHelper.collectMethodsByGroup() took 7 ms.
2026-03-22 17:41:38[main] INFO  org.testng.internal.Utils- [Utils] MethodGroupsHelper.sortMethods() took 21 ms.
2026-03-22 17:41:38[main] INFO  org.testng.internal.Utils- [Utils] MethodGroupsHelper.collectMethodsByGroup() took 0 ms.
2026-03-22 17:41:38[main] INFO  org.testng.internal.Utils- [Utils] MethodGroupsHelper.sortMethods() took 0 ms.
2026-03-22 17:41:38[main] INFO  org.testng.internal.Utils- [Utils] MethodGroupsHelper.collectMethodsByGroup() took 0 ms.
2026-03-22 17:41:38[main] INFO  org.testng.internal.Utils- [Utils] MethodGroupsHelper.sortMethods() took 0 ms.
2026-03-22 17:41:38[main] INFO  org.testng.internal.Utils- [Utils] MethodGroupsHelper.collectMethodsByGroup() took 0 ms.
2026-03-22 17:41:38[main] INFO  org.testng.internal.Utils- [Utils] MethodGroupsHelper.sortMethods() took 0 ms.
2026-03-22 17:41:38[main] INFO  org.testng.internal.Utils- [Utils] MethodGroupsHelper.collectMethodsByGroup() took 0 ms.
2026-03-22 17:41:38[main] INFO  org.testng.internal.Utils- [Utils] MethodGroupsHelper.sortMethods() took 0 ms.
2026-03-22 17:41:38[main] INFO  org.testng.internal.Utils- [Utils] MethodGroupsHelper.collectMethodsByGroup() took 0 ms.
2026-03-22 17:41:38[main] INFO  org.testng.internal.Utils- [Utils] MethodGroupsHelper.sortMethods() took 0 ms.
2026-03-22 17:41:38[main] INFO  org.testng.internal.Utils- [Utils] MethodGroupsHelper.collectMethodsByGroup() took 0 ms.
2026-03-22 17:41:38[main] INFO  org.testng.internal.Utils- [Utils] MethodGroupsHelper.sortMethods() took 0 ms.
2026-03-22 17:41:38[main] INFO  org.testng.internal.Utils- [Utils] MethodGroupsHelper.collectMethodsByGroup() took 0 ms.
2026-03-22 17:41:38[main] INFO  org.testng.internal.Utils- [Utils] MethodGroupsHelper.sortMethods() took 0 ms.
2026-03-22 17:41:38[main] INFO  org.testng.internal.Utils- [Utils] MethodGroupsHelper.collectMethodsByGroup() took 0 ms.
2026-03-22 17:41:38[main] INFO  org.testng.internal.Utils- [Utils] MethodGroupsHelper.sortMethods() took 0 ms.
2026-03-22 17:41:38[main] INFO  org.testng.internal.Utils- [Utils] MethodGroupsHelper.collectMethodsByGroup() took 0 ms.
2026-03-22 17:41:38[main] INFO  org.testng.internal.Utils- [Utils] MethodGroupsHelper.sortMethods() took 0 ms.
2026-03-22 17:41:38[main] INFO  org.testng.internal.Utils- [Utils] MethodGroupsHelper.collectMethodsByGroup() took 0 ms.
2026-03-22 17:41:38[main] INFO  org.testng.internal.Utils- [Utils] MethodGroupsHelper.sortMethods() took 0 ms.
2026-03-22 17:41:38[main] INFO  org.testng.internal.Utils- [TestNG] Running:
  C:\Users\Admin\AppData\Local\Temp\testng-eclipse-817868695\testng-customsuite.xml

2026-03-22 17:41:38[main] INFO  org.testng.internal.Utils- [Utils] DynamicGraphHelper.createDynamicGraph() took 18 ms.
2026-03-22 17:41:44[main] INFO  testCases.TC001_AccountRegistrationTest- ***** Starting TC001_AccountRegistrationTest  ****
2026-03-22 17:41:45[main] INFO  testCases.TC001_AccountRegistrationTest- Clicked on MyAccount Link.. 
2026-03-22 17:41:46[main] INFO  testCases.TC001_AccountRegistrationTest- Clicked on Register Link.. 
2026-03-22 17:41:46[main] INFO  testCases.TC001_AccountRegistrationTest- Providing customer details...
2026-03-22 17:41:48[main] INFO  testCases.TC001_AccountRegistrationTest- Validating expected message..
2026-03-22 17:41:48[main] INFO  testCases.TC001_AccountRegistrationTest- Test passed
2026-03-22 17:41:48[main] INFO  testCases.TC001_AccountRegistrationTest- ***** Finished TC001_AccountRegistrationTest *****
2026-03-22 17:41:49[main] INFO  org.testng.internal.Utils- [TestNG] Time taken by org.testng.reporters.SuiteHTMLReporter@60d1b21f: 124 ms
2026-03-22 17:41:49[main] INFO  org.testng.internal.Utils- [TestNG] Time taken by org.testng.reporters.jq.Main@1cb19dba: 152 ms
2026-03-22 17:41:49[main] INFO  org.testng.internal.Utils- [TestNG] Time taken by org.testng.reporters.FailedReporter@7c3ebc6b: 0 ms
2026-03-22 17:41:49[main] INFO  org.testng.internal.Utils- [TestNG] Time taken by org.testng.reporters.XMLReporter@e344ad3: 22 ms
2026-03-22 17:41:49[main] INFO  org.testng.internal.Utils- [TestNG] Time taken by org.testng.reporters.EmailableReporter2@54aca26f: 20 ms
2026-03-22 17:41:49[main] INFO  org.testng.internal.Utils- [TestNG] Time taken by org.testng.reporters.JUnitReportReporter@dca2615: 13 ms
2026-03-22 17:41:49[main] INFO  org.testng.internal.Utils- [TestNG] Time taken by org.testng.internal.ExitCodeListener@421a4ee1: 0 ms
2026-03-22 17:42:08[main] INFO  org.testng.internal.Utils- [Utils] MethodGroupsHelper.collectMethodsByGroup() took 0 ms.
2026-03-22 17:42:08[main] INFO  org.testng.internal.Utils- [Utils] MethodGroupsHelper.sortMethods() took 1 ms.
2026-03-22 17:42:08[main] INFO  org.testng.internal.Utils- [Utils] MethodGroupsHelper.collectMethodsByGroup() took 0 ms.
2026-03-22 17:42:08[main] INFO  org.testng.internal.Utils- [Utils] MethodGroupsHelper.sortMethods() took 0 ms.
2026-03-22 17:42:08[main] INFO  org.testng.internal.Utils- [Utils] MethodGroupsHelper.collectMethodsByGroup() took 0 ms.
2026-03-22 17:42:08[main] INFO  org.testng.internal.Utils- [Utils] MethodGroupsHelper.sortMethods() took 0 ms.
2026-03-22 17:42:08[main] INFO  org.testng.internal.Utils- [Utils] MethodGroupsHelper.collectMethodsByGroup() took 0 ms.
2026-03-22 17:42:08[main] INFO  org.testng.internal.Utils- [Utils] MethodGroupsHelper.sortMethods() took 0 ms.
2026-03-22 17:42:08[main] INFO  org.testng.internal.Utils- [Utils] MethodGroupsHelper.collectMethodsByGroup() took 5 ms.
2026-03-22 17:42:08[main] INFO  org.testng.internal.Utils- [Utils] MethodGroupsHelper.sortMethods() took 8 ms.
2026-03-22 17:42:08[main] INFO  org.testng.internal.Utils- [Utils] MethodGroupsHelper.collectMethodsByGroup() took 0 ms.
2026-03-22 17:42:08[main] INFO  org.testng.internal.Utils- [Utils] MethodGroupsHelper.sortMethods() took 0 ms.
2026-03-22 17:42:08[main] INFO  org.testng.internal.Utils- [Utils] MethodGroupsHelper.collectMethodsByGroup() took 0 ms.
2026-03-22 17:42:08[main] INFO  org.testng.internal.Utils- [Utils] MethodGroupsHelper.sortMethods() took 0 ms.
2026-03-22 17:42:08[main] INFO  org.testng.internal.Utils- [Utils] MethodGroupsHelper.collectMethodsByGroup() took 0 ms.
2026-03-22 17:42:08[main] INFO  org.testng.internal.Utils- [Utils] MethodGroupsHelper.sortMethods() took 0 ms.
2026-03-22 17:42:08[main] INFO  org.testng.internal.Utils- [Utils] MethodGroupsHelper.collectMethodsByGroup() took 0 ms.
2026-03-22 17:42:08[main] INFO  org.testng.internal.Utils- [Utils] MethodGroupsHelper.sortMethods() took 0 ms.
2026-03-22 17:42:08[main] INFO  org.testng.internal.Utils- [Utils] MethodGroupsHelper.collectMethodsByGroup() took 0 ms.
2026-03-22 17:42:08[main] INFO  org.testng.internal.Utils- [Utils] MethodGroupsHelper.sortMethods() took 0 ms.
2026-03-22 17:42:08[main] INFO  org.testng.internal.Utils- [Utils] MethodGroupsHelper.collectMethodsByGroup() took 0 ms.
2026-03-22 17:42:08[main] INFO  org.testng.internal.Utils- [Utils] MethodGroupsHelper.sortMethods() took 0 ms.
2026-03-22 17:42:08[main] INFO  org.testng.internal.Utils- [Utils] MethodGroupsHelper.collectMethodsByGroup() took 0 ms.
2026-03-22 17:42:08[main] INFO  org.testng.internal.Utils- [Utils] MethodGroupsHelper.sortMethods() took 0 ms.
2026-03-22 17:42:08[main] INFO  org.testng.internal.Utils- [Utils] MethodGroupsHelper.collectMethodsByGroup() took 0 ms.
2026-03-22 17:42:08[main] INFO  org.testng.internal.Utils- [Utils] MethodGroupsHelper.sortMethods() took 0 ms.
2026-03-22 17:42:08[main] INFO  org.testng.internal.Utils- [Utils] MethodGroupsHelper.collectMethodsByGroup() took 0 ms.
2026-03-22 17:42:08[main] INFO  org.testng.internal.Utils- [Utils] MethodGroupsHelper.sortMethods() took 0 ms.
2026-03-22 17:42:08[main] INFO  org.testng.internal.Utils- [Utils] MethodGroupsHelper.collectMethodsByGroup() took 0 ms.
2026-03-22 17:42:08[main] INFO  org.testng.internal.Utils- [Utils] MethodGroupsHelper.sortMethods() took 0 ms.
2026-03-22 17:42:08[main] INFO  org.testng.internal.Utils- [TestNG] Running:
  C:\Users\Admin\AppData\Local\Temp\testng-eclipse-602455284\testng-customsuite.xml

2026-03-22 17:42:08[main] INFO  org.testng.internal.Utils- [Utils] DynamicGraphHelper.createDynamicGraph() took 6 ms.
2026-03-22 17:42:13[main] INFO  testCases.TC001_AccountRegistrationTest- ***** Starting TC001_AccountRegistrationTest  ****
2026-03-22 17:42:13[main] INFO  testCases.TC001_AccountRegistrationTest- Clicked on MyAccount Link.. 
2026-03-22 17:42:14[main] INFO  testCases.TC001_AccountRegistrationTest- Clicked on Register Link.. 
2026-03-22 17:42:14[main] INFO  testCases.TC001_AccountRegistrationTest- Providing customer details...
2026-03-22 17:42:16[main] INFO  testCases.TC001_AccountRegistrationTest- Validating expected message..
2026-03-22 17:42:16[main] INFO  testCases.TC001_AccountRegistrationTest- Test passed
2026-03-22 17:42:16[main] INFO  testCases.TC001_AccountRegistrationTest- ***** Finished TC001_AccountRegistrationTest *****
2026-03-22 17:42:16[main] INFO  org.testng.internal.Utils- [TestNG] Time taken by org.testng.reporters.SuiteHTMLReporter@60d1b21f: 41 ms
2026-03-22 17:42:16[main] INFO  org.testng.internal.Utils- [TestNG] Time taken by org.testng.reporters.jq.Main@1cb19dba: 172 ms
2026-03-22 17:42:16[main] INFO  org.testng.internal.Utils- [TestNG] Time taken by org.testng.reporters.FailedReporter@7c3ebc6b: 0 ms
2026-03-22 17:42:16[main] INFO  org.testng.internal.Utils- [TestNG] Time taken by org.testng.reporters.XMLReporter@e344ad3: 9 ms
2026-03-22 17:42:16[main] INFO  org.testng.internal.Utils- [TestNG] Time taken by org.testng.reporters.EmailableReporter2@54aca26f: 19 ms
2026-03-22 17:42:16[main] INFO  org.testng.internal.Utils- [TestNG] Time taken by org.testng.reporters.JUnitReportReporter@dca2615: 19 ms
2026-03-22 17:42:16[main] INFO  org.testng.internal.Utils- [TestNG] Time taken by org.testng.internal.ExitCodeListener@421a4ee1: 0 ms
2026-03-22 17:55:38[main] INFO  org.testng.internal.Utils- [TestNG] Running:
  C:\Users\Admin\OneDrive\Pictures\eclipse-workspace\OPencartTestNG\mastertestng.xml

2026-03-22 17:55:43[main] INFO  testCases.TC001_AccountRegistrationTest- ***** Starting TC001_AccountRegistrationTest  ****
2026-03-22 17:55:43[main] INFO  testCases.TC001_AccountRegistrationTest- Clicked on MyAccount Link.. 
2026-03-22 17:55:44[main] INFO  testCases.TC001_AccountRegistrationTest- Clicked on Register Link.. 
2026-03-22 17:55:44[main] INFO  testCases.TC001_AccountRegistrationTest- Providing customer details...
2026-03-22 17:55:46[main] INFO  testCases.TC001_AccountRegistrationTest- Validating expected message..
2026-03-22 17:55:46[main] INFO  testCases.TC001_AccountRegistrationTest- Test passed
2026-03-22 17:55:46[main] INFO  testCases.TC001_AccountRegistrationTest- ***** Finished TC001_AccountRegistrationTest *****
2026-03-22 18:02:05[main] INFO  org.testng.internal.Utils- [TestNG] Running:
  C:\Users\Admin\OneDrive\Pictures\eclipse-workspace\OPencartTestNG\crossbrowsertestng.xml

2026-03-22 18:02:59[main] INFO  org.testng.internal.Utils- [TestNG] Running:
  C:\Users\Admin\OneDrive\Pictures\eclipse-workspace\OPencartTestNG\crossbrowsertestng.xml

2026-03-22 18:03:33[main] INFO  org.testng.internal.Utils- [TestNG] Running:
  C:\Users\Admin\OneDrive\Pictures\eclipse-workspace\OPencartTestNG\mastertestng.xml

2026-03-22 18:03:39[main] INFO  testCases.TC001_AccountRegistrationTest- ***** Starting TC001_AccountRegistrationTest  ****
2026-03-22 18:03:39[main] INFO  testCases.TC001_AccountRegistrationTest- Clicked on MyAccount Link.. 
2026-03-22 18:03:40[main] INFO  testCases.TC001_AccountRegistrationTest- Clicked on Register Link.. 
2026-03-22 18:03:40[main] INFO  testCases.TC001_AccountRegistrationTest- Providing customer details...
2026-03-22 18:03:42[main] INFO  testCases.TC001_AccountRegistrationTest- Validating expected message..
2026-03-22 18:03:42[main] INFO  testCases.TC001_AccountRegistrationTest- Test passed
2026-03-22 18:03:42[main] INFO  testCases.TC001_AccountRegistrationTest- ***** Finished TC001_AccountRegistrationTest *****
2026-03-22 18:06:30[main] INFO  org.testng.internal.Utils- [TestNG] Running:
  C:\Users\Admin\OneDrive\Pictures\eclipse-workspace\OPencartTestNG\crossbrowsertestng.xml

2026-03-22 18:11:22[main] INFO  org.testng.internal.Utils- [TestNG] Running:
  C:\Users\Admin\OneDrive\Pictures\eclipse-workspace\OPencartTestNG\crossbrowsertestng.xml

2026-03-22 18:19:33[main] INFO  org.testng.internal.Utils- [TestNG] Running:
  C:\Users\Admin\OneDrive\Pictures\eclipse-workspace\OPencartTestNG\crossbrowsertestng.xml

2026-03-22 18:19:38[main] INFO  testCases.TC001_AccountRegistrationTest- ***** Starting TC001_AccountRegistrationTest  ****
2026-03-22 18:19:38[main] INFO  testCases.TC001_AccountRegistrationTest- Clicked on MyAccount Link.. 
2026-03-22 18:19:39[main] INFO  testCases.TC001_AccountRegistrationTest- Clicked on Register Link.. 
2026-03-22 18:19:39[main] INFO  testCases.TC001_AccountRegistrationTest- Providing customer details...
2026-03-22 18:19:41[main] INFO  testCases.TC001_AccountRegistrationTest- Validating expected message..
2026-03-22 18:19:41[main] INFO  testCases.TC001_AccountRegistrationTest- Test passed
2026-03-22 18:19:41[main] INFO  testCases.TC001_AccountRegistrationTest- ***** Finished TC001_AccountRegistrationTest *****
2026-03-22 18:19:50[main] INFO  testCases.TC001_AccountRegistrationTest- ***** Starting TC001_AccountRegistrationTest  ****
2026-03-22 18:19:51[main] INFO  testCases.TC001_AccountRegistrationTest- Clicked on MyAccount Link.. 
2026-03-22 18:19:51[main] INFO  testCases.TC001_AccountRegistrationTest- Clicked on Register Link.. 
2026-03-22 18:19:51[main] INFO  testCases.TC001_AccountRegistrationTest- Providing customer details...
2026-03-22 18:19:54[main] INFO  testCases.TC001_AccountRegistrationTest- Validating expected message..
2026-03-22 18:19:54[main] INFO  testCases.TC001_AccountRegistrationTest- Test passed
2026-03-22 18:19:54[main] INFO  testCases.TC001_AccountRegistrationTest- ***** Finished TC001_AccountRegistrationTest *****
2026-03-22 18:20:34[main] INFO  org.testng.internal.Utils- [TestNG] Running:
  C:\Users\Admin\OneDrive\Pictures\eclipse-workspace\OPencartTestNG\crossbrowsertestng.xml

2026-03-22 18:20:54[TestNG-tests-2] INFO  testCases.TC001_AccountRegistrationTest- ***** Starting TC001_AccountRegistrationTest  ****
2026-03-22 18:20:55[TestNG-tests-2] INFO  testCases.TC001_AccountRegistrationTest- Clicked on MyAccount Link.. 
2026-03-22 18:20:57[TestNG-tests-2] INFO  testCases.TC001_AccountRegistrationTest- Clicked on Register Link.. 
2026-03-22 18:20:57[TestNG-tests-1] INFO  testCases.TC001_AccountRegistrationTest- ***** Starting TC001_AccountRegistrationTest  ****
2026-03-22 18:20:57[TestNG-tests-2] INFO  testCases.TC001_AccountRegistrationTest- Providing customer details...
2026-03-22 18:20:57[TestNG-tests-1] INFO  testCases.TC001_AccountRegistrationTest- Clicked on MyAccount Link.. 
2026-03-22 18:20:58[TestNG-tests-1] INFO  testCases.TC001_AccountRegistrationTest- Clicked on Register Link.. 
2026-03-22 18:20:58[TestNG-tests-1] INFO  testCases.TC001_AccountRegistrationTest- Providing customer details...
2026-03-22 18:20:59[TestNG-tests-2] INFO  testCases.TC001_AccountRegistrationTest- Validating expected message..
2026-03-22 18:20:59[TestNG-tests-2] INFO  testCases.TC001_AccountRegistrationTest- Test passed
2026-03-22 18:20:59[TestNG-tests-2] INFO  testCases.TC001_AccountRegistrationTest- ***** Finished TC001_AccountRegistrationTest *****
2026-03-22 18:21:01[TestNG-tests-1] INFO  testCases.TC001_AccountRegistrationTest- Validating expected message..
2026-03-22 18:21:01[TestNG-tests-1] INFO  testCases.TC001_AccountRegistrationTest- Test passed
2026-03-22 18:21:01[TestNG-tests-1] INFO  testCases.TC001_AccountRegistrationTest- ***** Finished TC001_AccountRegistrationTest *****
2026-03-22 19:34:48[main] DEBUG org.testng.TestNG- suiteXmlPath: "C:\Users\Admin\OneDrive\Pictures\eclipse-workspace\OPencartTestNG\mastertestng.xml"
2026-03-22 19:34:49[main] INFO  org.testng.internal.Utils- [TestNG] Running:
  C:\Users\Admin\OneDrive\Pictures\eclipse-workspace\OPencartTestNG\mastertestng.xml

2026-03-22 19:37:29[main] DEBUG org.testng.TestNG- suiteXmlPath: "C:\Users\Admin\OneDrive\Pictures\eclipse-workspace\OPencartTestNG\mastertestng.xml"
2026-03-22 19:37:29[main] INFO  org.testng.internal.Utils- [TestNG] Running:
  C:\Users\Admin\OneDrive\Pictures\eclipse-workspace\OPencartTestNG\mastertestng.xml

2026-03-22 19:37:37[main] INFO  testCases.TC001_AccountRegistrationTest- ***** Starting TC001_AccountRegistrationTest  ****
2026-03-22 19:37:37[main] INFO  testCases.TC001_AccountRegistrationTest- Clicked on MyAccount Link.. 
2026-03-22 19:37:38[main] INFO  testCases.TC001_AccountRegistrationTest- Clicked on Register Link.. 
2026-03-22 19:37:38[main] INFO  testCases.TC001_AccountRegistrationTest- Providing customer details...
2026-03-22 19:37:40[main] INFO  testCases.TC001_AccountRegistrationTest- Validating expected message..
2026-03-22 19:37:40[main] INFO  testCases.TC001_AccountRegistrationTest- ***** Finished TC001_AccountRegistrationTest *****
2026-03-22 22:21:38[main] DEBUG org.testng.TestNG- suiteXmlPath: "C:\Users\Admin\OneDrive\Pictures\eclipse-workspace\OPencartTestNG\mastertestng.xml"
2026-03-22 22:21:39[main] INFO  org.testng.internal.Utils- [TestNG] Running:
  C:\Users\Admin\OneDrive\Pictures\eclipse-workspace\OPencartTestNG\mastertestng.xml

2026-03-22 22:23:17[main] INFO  testCases.TC002_LoginTest- **** Starting TC_002_LoginTest  ****
2026-03-22 22:23:17[main] DEBUG testCases.TC002_LoginTest- capturing application debug logs....
2026-03-22 22:23:18[main] INFO  testCases.TC002_LoginTest- clicked on myaccount link on the home page..
2026-03-22 22:23:18[main] INFO  testCases.TC002_LoginTest- clicked on login link under myaccount..
2026-03-22 22:23:18[main] INFO  testCases.TC002_LoginTest- Entering valid email and password..
2026-03-22 22:23:19[main] INFO  testCases.TC002_LoginTest- clicked on ligin button..
2026-03-22 22:25:53[main] DEBUG org.testng.TestNG- suiteXmlPath: "C:\Users\Admin\OneDrive\Pictures\eclipse-workspace\OPencartTestNG\mastertestng.xml"
2026-03-22 22:25:53[main] INFO  org.testng.internal.Utils- [TestNG] Running:
  C:\Users\Admin\OneDrive\Pictures\eclipse-workspace\OPencartTestNG\mastertestng.xml

2026-03-22 22:25:58[main] INFO  testCases.TC002_LoginTest- **** Starting TC_002_LoginTest  ****
2026-03-22 22:25:58[main] DEBUG testCases.TC002_LoginTest- capturing application debug logs....
2026-03-22 22:25:58[main] INFO  testCases.TC002_LoginTest- clicked on myaccount link on the home page..
2026-03-22 22:25:59[main] INFO  testCases.TC002_LoginTest- clicked on login link under myaccount..
2026-03-22 22:25:59[main] INFO  testCases.TC002_LoginTest- Entering valid email and password..
2026-03-22 22:25:59[main] INFO  testCases.TC002_LoginTest- clicked on ligin button..
2026-03-22 22:30:46[main] DEBUG org.testng.TestNG- suiteXmlPath: "C:\Users\Admin\OneDrive\Pictures\eclipse-workspace\OPencartTestNG\mastertestng.xml"
2026-03-22 22:30:47[main] INFO  org.testng.internal.Utils- [TestNG] Running:
  C:\Users\Admin\OneDrive\Pictures\eclipse-workspace\OPencartTestNG\mastertestng.xml

2026-03-22 22:30:52[main] INFO  testCases.TC002_LoginTest- **** Starting TC_002_LoginTest  ****
2026-03-22 22:30:52[main] DEBUG testCases.TC002_LoginTest- capturing application debug logs....
2026-03-22 22:30:52[main] INFO  testCases.TC002_LoginTest- clicked on myaccount link on the home page..
2026-03-22 22:30:52[main] INFO  testCases.TC002_LoginTest- clicked on login link under myaccount..
2026-03-22 22:30:52[main] INFO  testCases.TC002_LoginTest- Entering valid email and password..
2026-03-22 22:30:54[main] INFO  testCases.TC002_LoginTest- clicked on ligin button..
2026-03-22 22:30:54[main] INFO  testCases.TC002_LoginTest- **** Finished TC_002_LoginTest  ****
2026-03-22 22:31:23[main] DEBUG org.testng.TestNG- suiteXmlPath: "C:\Users\Admin\OneDrive\Pictures\eclipse-workspace\OPencartTestNG\mastertestng.xml"
2026-03-22 22:31:24[main] INFO  org.testng.internal.Utils- [TestNG] Running:
  C:\Users\Admin\OneDrive\Pictures\eclipse-workspace\OPencartTestNG\mastertestng.xml

2026-03-22 22:31:29[main] INFO  testCases.TC002_LoginTest- **** Starting TC_002_LoginTest  ****
2026-03-22 22:31:29[main] DEBUG testCases.TC002_LoginTest- capturing application debug logs....
2026-03-22 22:31:29[main] INFO  testCases.TC002_LoginTest- clicked on myaccount link on the home page..
2026-03-22 22:31:30[main] INFO  testCases.TC002_LoginTest- clicked on login link under myaccount..
2026-03-22 22:31:30[main] INFO  testCases.TC002_LoginTest- Entering valid email and password..
2026-03-22 22:31:31[main] INFO  testCases.TC002_LoginTest- clicked on ligin button..
2026-03-22 22:31:31[main] INFO  testCases.TC002_LoginTest- **** Finished TC_002_LoginTest  ****
2026-03-22 23:22:42[main] DEBUG org.testng.TestNG- suiteXmlPath: "C:\Users\Admin\OneDrive\Pictures\eclipse-workspace\OPencartTestNG\mastertestng.xml"
2026-03-22 23:22:42[main] INFO  org.testng.internal.Utils- [TestNG] Running:
  C:\Users\Admin\OneDrive\Pictures\eclipse-workspace\OPencartTestNG\mastertestng.xml

2026-03-22 23:22:51[main] DEBUG org.apache.poi.openxml4j.opc.PackageRelationshipCollection- Parsing relationship: /xl/_rels/workbook.xml.rels
2026-03-22 23:22:51[main] DEBUG org.apache.poi.openxml4j.opc.PackageRelationshipCollection- Parsing relationship: /xl/worksheets/_rels/sheet1.xml.rels
2026-03-22 23:22:51[main] DEBUG org.apache.poi.openxml4j.opc.PackageRelationshipCollection- Parsing relationship: /_rels/.rels
2026-03-22 23:22:52[main] DEBUG org.apache.poi.ooxml.POIXMLFactory- using default POIXMLDocumentPart for http://schemas.openxmlformats.org/officeDocument/2006/relationships/printerSettings
2026-03-22 23:22:52[main] DEBUG org.apache.poi.openxml4j.opc.PackageRelationshipCollection- Parsing relationship: /xl/_rels/workbook.xml.rels
2026-03-22 23:22:52[main] DEBUG org.apache.poi.openxml4j.opc.PackageRelationshipCollection- Parsing relationship: /xl/worksheets/_rels/sheet1.xml.rels
2026-03-22 23:22:52[main] DEBUG org.apache.poi.openxml4j.opc.PackageRelationshipCollection- Parsing relationship: /_rels/.rels
2026-03-22 23:22:52[main] DEBUG org.apache.poi.ooxml.POIXMLFactory- using default POIXMLDocumentPart for http://schemas.openxmlformats.org/officeDocument/2006/relationships/printerSettings
2026-03-22 23:22:52[main] DEBUG org.apache.poi.openxml4j.opc.PackageRelationshipCollection- Parsing relationship: /xl/_rels/workbook.xml.rels
2026-03-22 23:22:52[main] DEBUG org.apache.poi.openxml4j.opc.PackageRelationshipCollection- Parsing relationship: /xl/worksheets/_rels/sheet1.xml.rels
2026-03-22 23:22:52[main] DEBUG org.apache.poi.openxml4j.opc.PackageRelationshipCollection- Parsing relationship: /_rels/.rels
2026-03-22 23:22:52[main] DEBUG org.apache.poi.ooxml.POIXMLFactory- using default POIXMLDocumentPart for http://schemas.openxmlformats.org/officeDocument/2006/relationships/printerSettings
2026-03-22 23:22:53[main] DEBUG org.apache.poi.openxml4j.opc.PackageRelationshipCollection- Parsing relationship: /xl/_rels/workbook.xml.rels
2026-03-22 23:22:53[main] DEBUG org.apache.poi.openxml4j.opc.PackageRelationshipCollection- Parsing relationship: /xl/worksheets/_rels/sheet1.xml.rels
2026-03-22 23:22:53[main] DEBUG org.apache.poi.openxml4j.opc.PackageRelationshipCollection- Parsing relationship: /_rels/.rels
2026-03-22 23:22:53[main] DEBUG org.apache.poi.ooxml.POIXMLFactory- using default POIXMLDocumentPart for http://schemas.openxmlformats.org/officeDocument/2006/relationships/printerSettings
2026-03-22 23:22:53[main] DEBUG org.apache.poi.openxml4j.opc.PackageRelationshipCollection- Parsing relationship: /xl/_rels/workbook.xml.rels
2026-03-22 23:22:53[main] DEBUG org.apache.poi.openxml4j.opc.PackageRelationshipCollection- Parsing relationship: /xl/worksheets/_rels/sheet1.xml.rels
2026-03-22 23:22:53[main] DEBUG org.apache.poi.openxml4j.opc.PackageRelationshipCollection- Parsing relationship: /_rels/.rels
2026-03-22 23:22:53[main] DEBUG org.apache.poi.ooxml.POIXMLFactory- using default POIXMLDocumentPart for http://schemas.openxmlformats.org/officeDocument/2006/relationships/printerSettings
2026-03-22 23:22:53[main] DEBUG org.apache.poi.openxml4j.opc.PackageRelationshipCollection- Parsing relationship: /xl/_rels/workbook.xml.rels
2026-03-22 23:22:53[main] DEBUG org.apache.poi.openxml4j.opc.PackageRelationshipCollection- Parsing relationship: /xl/worksheets/_rels/sheet1.xml.rels
2026-03-22 23:22:53[main] DEBUG org.apache.poi.openxml4j.opc.PackageRelationshipCollection- Parsing relationship: /_rels/.rels
2026-03-22 23:22:53[main] DEBUG org.apache.poi.ooxml.POIXMLFactory- using default POIXMLDocumentPart for http://schemas.openxmlformats.org/officeDocument/2006/relationships/printerSettings
2026-03-22 23:22:53[main] DEBUG org.apache.poi.openxml4j.opc.PackageRelationshipCollection- Parsing relationship: /xl/_rels/workbook.xml.rels
2026-03-22 23:22:53[main] DEBUG org.apache.poi.openxml4j.opc.PackageRelationshipCollection- Parsing relationship: /xl/worksheets/_rels/sheet1.xml.rels
2026-03-22 23:22:53[main] DEBUG org.apache.poi.openxml4j.opc.PackageRelationshipCollection- Parsing relationship: /_rels/.rels
2026-03-22 23:22:53[main] DEBUG org.apache.poi.ooxml.POIXMLFactory- using default POIXMLDocumentPart for http://schemas.openxmlformats.org/officeDocument/2006/relationships/printerSettings
2026-03-22 23:22:53[main] DEBUG org.apache.poi.openxml4j.opc.PackageRelationshipCollection- Parsing relationship: /xl/_rels/workbook.xml.rels
2026-03-22 23:22:53[main] DEBUG org.apache.poi.openxml4j.opc.PackageRelationshipCollection- Parsing relationship: /xl/worksheets/_rels/sheet1.xml.rels
2026-03-22 23:22:53[main] DEBUG org.apache.poi.openxml4j.opc.PackageRelationshipCollection- Parsing relationship: /_rels/.rels
2026-03-22 23:22:53[main] DEBUG org.apache.poi.ooxml.POIXMLFactory- using default POIXMLDocumentPart for http://schemas.openxmlformats.org/officeDocument/2006/relationships/printerSettings
2026-03-22 23:22:53[main] DEBUG org.apache.poi.openxml4j.opc.PackageRelationshipCollection- Parsing relationship: /xl/_rels/workbook.xml.rels
2026-03-22 23:22:53[main] DEBUG org.apache.poi.openxml4j.opc.PackageRelationshipCollection- Parsing relationship: /xl/worksheets/_rels/sheet1.xml.rels
2026-03-22 23:22:53[main] DEBUG org.apache.poi.openxml4j.opc.PackageRelationshipCollection- Parsing relationship: /_rels/.rels
2026-03-22 23:22:53[main] DEBUG org.apache.poi.ooxml.POIXMLFactory- using default POIXMLDocumentPart for http://schemas.openxmlformats.org/officeDocument/2006/relationships/printerSettings
2026-03-22 23:22:53[main] DEBUG org.apache.poi.openxml4j.opc.PackageRelationshipCollection- Parsing relationship: /xl/_rels/workbook.xml.rels
2026-03-22 23:22:53[main] DEBUG org.apache.poi.openxml4j.opc.PackageRelationshipCollection- Parsing relationship: /xl/worksheets/_rels/sheet1.xml.rels
2026-03-22 23:22:53[main] DEBUG org.apache.poi.openxml4j.opc.PackageRelationshipCollection- Parsing relationship: /_rels/.rels
2026-03-22 23:22:53[main] DEBUG org.apache.poi.ooxml.POIXMLFactory- using default POIXMLDocumentPart for http://schemas.openxmlformats.org/officeDocument/2006/relationships/printerSettings
2026-03-22 23:22:53[main] DEBUG org.apache.poi.openxml4j.opc.PackageRelationshipCollection- Parsing relationship: /xl/_rels/workbook.xml.rels
2026-03-22 23:22:53[main] DEBUG org.apache.poi.openxml4j.opc.PackageRelationshipCollection- Parsing relationship: /xl/worksheets/_rels/sheet1.xml.rels
2026-03-22 23:22:53[main] DEBUG org.apache.poi.openxml4j.opc.PackageRelationshipCollection- Parsing relationship: /_rels/.rels
2026-03-22 23:22:53[main] DEBUG org.apache.poi.ooxml.POIXMLFactory- using default POIXMLDocumentPart for http://schemas.openxmlformats.org/officeDocument/2006/relationships/printerSettings
2026-03-22 23:22:53[main] DEBUG org.apache.poi.openxml4j.opc.PackageRelationshipCollection- Parsing relationship: /xl/_rels/workbook.xml.rels
2026-03-22 23:22:53[main] DEBUG org.apache.poi.openxml4j.opc.PackageRelationshipCollection- Parsing relationship: /xl/worksheets/_rels/sheet1.xml.rels
2026-03-22 23:22:53[main] DEBUG org.apache.poi.openxml4j.opc.PackageRelationshipCollection- Parsing relationship: /_rels/.rels
2026-03-22 23:22:53[main] DEBUG org.apache.poi.ooxml.POIXMLFactory- using default POIXMLDocumentPart for http://schemas.openxmlformats.org/officeDocument/2006/relationships/printerSettings
2026-03-22 23:22:53[main] DEBUG org.apache.poi.openxml4j.opc.PackageRelationshipCollection- Parsing relationship: /xl/_rels/workbook.xml.rels
2026-03-22 23:22:53[main] DEBUG org.apache.poi.openxml4j.opc.PackageRelationshipCollection- Parsing relationship: /xl/worksheets/_rels/sheet1.xml.rels
2026-03-22 23:22:53[main] DEBUG org.apache.poi.openxml4j.opc.PackageRelationshipCollection- Parsing relationship: /_rels/.rels
2026-03-22 23:22:53[main] DEBUG org.apache.poi.ooxml.POIXMLFactory- using default POIXMLDocumentPart for http://schemas.openxmlformats.org/officeDocument/2006/relationships/printerSettings
2026-03-22 23:22:53[main] DEBUG org.apache.poi.openxml4j.opc.PackageRelationshipCollection- Parsing relationship: /xl/_rels/workbook.xml.rels
2026-03-22 23:22:53[main] DEBUG org.apache.poi.openxml4j.opc.PackageRelationshipCollection- Parsing relationship: /xl/worksheets/_rels/sheet1.xml.rels
2026-03-22 23:22:53[main] DEBUG org.apache.poi.openxml4j.opc.PackageRelationshipCollection- Parsing relationship: /_rels/.rels
2026-03-22 23:22:53[main] DEBUG org.apache.poi.ooxml.POIXMLFactory- using default POIXMLDocumentPart for http://schemas.openxmlformats.org/officeDocument/2006/relationships/printerSettings
2026-03-22 23:22:53[main] DEBUG org.apache.poi.openxml4j.opc.PackageRelationshipCollection- Parsing relationship: /xl/_rels/workbook.xml.rels
2026-03-22 23:22:53[main] DEBUG org.apache.poi.openxml4j.opc.PackageRelationshipCollection- Parsing relationship: /xl/worksheets/_rels/sheet1.xml.rels
2026-03-22 23:22:53[main] DEBUG org.apache.poi.openxml4j.opc.PackageRelationshipCollection- Parsing relationship: /_rels/.rels
2026-03-22 23:22:53[main] DEBUG org.apache.poi.ooxml.POIXMLFactory- using default POIXMLDocumentPart for http://schemas.openxmlformats.org/officeDocument/2006/relationships/printerSettings
2026-03-22 23:22:53[main] DEBUG org.apache.poi.openxml4j.opc.PackageRelationshipCollection- Parsing relationship: /xl/_rels/workbook.xml.rels
2026-03-22 23:22:53[main] DEBUG org.apache.poi.openxml4j.opc.PackageRelationshipCollection- Parsing relationship: /xl/worksheets/_rels/sheet1.xml.rels
2026-03-22 23:22:53[main] DEBUG org.apache.poi.openxml4j.opc.PackageRelationshipCollection- Parsing relationship: /_rels/.rels
2026-03-22 23:22:53[main] DEBUG org.apache.poi.ooxml.POIXMLFactory- using default POIXMLDocumentPart for http://schemas.openxmlformats.org/officeDocument/2006/relationships/printerSettings
2026-03-22 23:22:53[main] DEBUG org.apache.poi.openxml4j.opc.PackageRelationshipCollection- Parsing relationship: /xl/_rels/workbook.xml.rels
2026-03-22 23:22:53[main] DEBUG org.apache.poi.openxml4j.opc.PackageRelationshipCollection- Parsing relationship: /xl/worksheets/_rels/sheet1.xml.rels
2026-03-22 23:22:53[main] DEBUG org.apache.poi.openxml4j.opc.PackageRelationshipCollection- Parsing relationship: /_rels/.rels
2026-03-22 23:22:53[main] DEBUG org.apache.poi.ooxml.POIXMLFactory- using default POIXMLDocumentPart for http://schemas.openxmlformats.org/officeDocument/2006/relationships/printerSettings
2026-03-22 23:22:53[main] INFO  testCases.TC003_LoginDDT- **** Starting TC_003_LoginDDT *****
2026-03-22 23:23:05[main] INFO  testCases.TC003_LoginDDT- **** Starting TC_003_LoginDDT *****
2026-03-22 23:23:09[main] INFO  testCases.TC003_LoginDDT- **** Starting TC_003_LoginDDT *****
2026-03-22 23:23:12[main] INFO  testCases.TC003_LoginDDT- **** Starting TC_003_LoginDDT *****
2026-03-22 23:23:22[main] INFO  testCases.TC003_LoginDDT- **** Finished TC_003_LoginDDT *****
2026-03-22 23:23:22[main] INFO  testCases.TC003_LoginDDT- **** Starting TC_003_LoginDDT *****
2026-03-22 23:23:25[main] INFO  testCases.TC003_LoginDDT- **** Finished TC_003_LoginDDT *****
2026-03-22 23:25:24[main] DEBUG org.testng.TestNG- suiteXmlPath: "C:\Users\Admin\OneDrive\Pictures\eclipse-workspace\OPencartTestNG\mastertestng.xml"
2026-03-22 23:25:24[main] INFO  org.testng.internal.Utils- [TestNG] Running:
  C:\Users\Admin\OneDrive\Pictures\eclipse-workspace\OPencartTestNG\mastertestng.xml

2026-03-22 23:25:54[main] DEBUG org.apache.poi.openxml4j.opc.PackageRelationshipCollection- Parsing relationship: /xl/_rels/workbook.xml.rels
2026-03-22 23:25:54[main] DEBUG org.apache.poi.openxml4j.opc.PackageRelationshipCollection- Parsing relationship: /xl/worksheets/_rels/sheet1.xml.rels
2026-03-22 23:25:54[main] DEBUG org.apache.poi.openxml4j.opc.PackageRelationshipCollection- Parsing relationship: /_rels/.rels
2026-03-22 23:25:55[main] DEBUG org.apache.poi.ooxml.POIXMLFactory- using default POIXMLDocumentPart for http://schemas.openxmlformats.org/officeDocument/2006/relationships/printerSettings
2026-03-22 23:25:55[main] DEBUG org.apache.poi.openxml4j.opc.PackageRelationshipCollection- Parsing relationship: /xl/_rels/workbook.xml.rels
2026-03-22 23:25:55[main] DEBUG org.apache.poi.openxml4j.opc.PackageRelationshipCollection- Parsing relationship: /xl/worksheets/_rels/sheet1.xml.rels
2026-03-22 23:25:55[main] DEBUG org.apache.poi.openxml4j.opc.PackageRelationshipCollection- Parsing relationship: /_rels/.rels
2026-03-22 23:25:55[main] DEBUG org.apache.poi.ooxml.POIXMLFactory- using default POIXMLDocumentPart for http://schemas.openxmlformats.org/officeDocument/2006/relationships/printerSettings
2026-03-22 23:25:55[main] DEBUG org.apache.poi.openxml4j.opc.PackageRelationshipCollection- Parsing relationship: /xl/_rels/workbook.xml.rels
2026-03-22 23:25:55[main] DEBUG org.apache.poi.openxml4j.opc.PackageRelationshipCollection- Parsing relationship: /xl/worksheets/_rels/sheet1.xml.rels
2026-03-22 23:25:55[main] DEBUG org.apache.poi.openxml4j.opc.PackageRelationshipCollection- Parsing relationship: /_rels/.rels
2026-03-22 23:25:55[main] DEBUG org.apache.poi.ooxml.POIXMLFactory- using default POIXMLDocumentPart for http://schemas.openxmlformats.org/officeDocument/2006/relationships/printerSettings
2026-03-22 23:25:55[main] DEBUG org.apache.poi.openxml4j.opc.PackageRelationshipCollection- Parsing relationship: /xl/_rels/workbook.xml.rels
2026-03-22 23:25:55[main] DEBUG org.apache.poi.openxml4j.opc.PackageRelationshipCollection- Parsing relationship: /xl/worksheets/_rels/sheet1.xml.rels
2026-03-22 23:25:55[main] DEBUG org.apache.poi.openxml4j.opc.PackageRelationshipCollection- Parsing relationship: /_rels/.rels
2026-03-22 23:25:55[main] DEBUG org.apache.poi.ooxml.POIXMLFactory- using default POIXMLDocumentPart for http://schemas.openxmlformats.org/officeDocument/2006/relationships/printerSettings
2026-03-22 23:25:55[main] DEBUG org.apache.poi.openxml4j.opc.PackageRelationshipCollection- Parsing relationship: /xl/_rels/workbook.xml.rels
2026-03-22 23:25:55[main] DEBUG org.apache.poi.openxml4j.opc.PackageRelationshipCollection- Parsing relationship: /xl/worksheets/_rels/sheet1.xml.rels
2026-03-22 23:25:55[main] DEBUG org.apache.poi.openxml4j.opc.PackageRelationshipCollection- Parsing relationship: /_rels/.rels
2026-03-22 23:25:55[main] DEBUG org.apache.poi.ooxml.POIXMLFactory- using default POIXMLDocumentPart for http://schemas.openxmlformats.org/officeDocument/2006/relationships/printerSettings
2026-03-22 23:25:55[main] DEBUG org.apache.poi.openxml4j.opc.PackageRelationshipCollection- Parsing relationship: /xl/_rels/workbook.xml.rels
2026-03-22 23:25:55[main] DEBUG org.apache.poi.openxml4j.opc.PackageRelationshipCollection- Parsing relationship: /xl/worksheets/_rels/sheet1.xml.rels
2026-03-22 23:25:55[main] DEBUG org.apache.poi.openxml4j.opc.PackageRelationshipCollection- Parsing relationship: /_rels/.rels
2026-03-22 23:25:55[main] DEBUG org.apache.poi.ooxml.POIXMLFactory- using default POIXMLDocumentPart for http://schemas.openxmlformats.org/officeDocument/2006/relationships/printerSettings
2026-03-22 23:25:55[main] DEBUG org.apache.poi.openxml4j.opc.PackageRelationshipCollection- Parsing relationship: /xl/_rels/workbook.xml.rels
2026-03-22 23:25:55[main] DEBUG org.apache.poi.openxml4j.opc.PackageRelationshipCollection- Parsing relationship: /xl/worksheets/_rels/sheet1.xml.rels
2026-03-22 23:25:55[main] DEBUG org.apache.poi.openxml4j.opc.PackageRelationshipCollection- Parsing relationship: /_rels/.rels
2026-03-22 23:25:55[main] DEBUG org.apache.poi.ooxml.POIXMLFactory- using default POIXMLDocumentPart for http://schemas.openxmlformats.org/officeDocument/2006/relationships/printerSettings
2026-03-22 23:25:55[main] DEBUG org.apache.poi.openxml4j.opc.PackageRelationshipCollection- Parsing relationship: /xl/_rels/workbook.xml.rels
2026-03-22 23:25:55[main] DEBUG org.apache.poi.openxml4j.opc.PackageRelationshipCollection- Parsing relationship: /xl/worksheets/_rels/sheet1.xml.rels
2026-03-22 23:25:55[main] DEBUG org.apache.poi.openxml4j.opc.PackageRelationshipCollection- Parsing relationship: /_rels/.rels
2026-03-22 23:25:55[main] DEBUG org.apache.poi.ooxml.POIXMLFactory- using default POIXMLDocumentPart for http://schemas.openxmlformats.org/officeDocument/2006/relationships/printerSettings
2026-03-22 23:25:55[main] DEBUG org.apache.poi.openxml4j.opc.PackageRelationshipCollection- Parsing relationship: /xl/_rels/workbook.xml.rels
2026-03-22 23:25:55[main] DEBUG org.apache.poi.openxml4j.opc.PackageRelationshipCollection- Parsing relationship: /xl/worksheets/_rels/sheet1.xml.rels
2026-03-22 23:25:55[main] DEBUG org.apache.poi.openxml4j.opc.PackageRelationshipCollection- Parsing relationship: /_rels/.rels
2026-03-22 23:25:55[main] DEBUG org.apache.poi.ooxml.POIXMLFactory- using default POIXMLDocumentPart for http://schemas.openxmlformats.org/officeDocument/2006/relationships/printerSettings
2026-03-22 23:25:55[main] DEBUG org.apache.poi.openxml4j.opc.PackageRelationshipCollection- Parsing relationship: /xl/_rels/workbook.xml.rels
2026-03-22 23:25:55[main] DEBUG org.apache.poi.openxml4j.opc.PackageRelationshipCollection- Parsing relationship: /xl/worksheets/_rels/sheet1.xml.rels
2026-03-22 23:25:55[main] DEBUG org.apache.poi.openxml4j.opc.PackageRelationshipCollection- Parsing relationship: /_rels/.rels
2026-03-22 23:25:55[main] DEBUG org.apache.poi.ooxml.POIXMLFactory- using default POIXMLDocumentPart for http://schemas.openxmlformats.org/officeDocument/2006/relationships/printerSettings
2026-03-22 23:25:55[main] DEBUG org.apache.poi.openxml4j.opc.PackageRelationshipCollection- Parsing relationship: /xl/_rels/workbook.xml.rels
